<?xml version="1.0" encoding="UTF-8"?>
<!-- Generated by org.testng.reporters.JUnitXMLReporter -->
<testsuite ignored="0" hostname="nipunverma" failures="0" tests="4" name="Default test" time="2.533" errors="0" timestamp="28 Sep 2021 07:41:28 GMT">
  <testcase classname="com.TestCases.TestCase_AllRequests" name="postRequest_TestCase" time="2.186"/>
  <testcase classname="com.TestCases.TestCase_AllRequests" name="getRequest_TestCase" time="0.14"/>
  <testcase classname="com.TestCases.TestCase_AllRequests" name="putRequest_TestCase" time="0.103"/>
  <testcase classname="com.TestCases.TestCase_AllRequests" name="DeleteRequest_TestCase" time="0.066"/>
</testsuite> <!-- Default test -->
