<?xml version="1.0" encoding="UTF-8"?>
<!-- Generated by org.testng.reporters.JUnitXMLReporter -->
<testsuite ignored="0" hostname="nipunverma" failures="0" tests="4" name="Default test" time="3.988" errors="0" timestamp="22 Sep 2021 09:56:47 GMT">
  <testcase classname="com.TestCases.TestCase_AllRequests" name="postRequest_TestCase" time="3.442"/>
  <testcase classname="com.TestCases.TestCase_AllRequests" name="getRequest_TestCase" time="0.157"/>
  <testcase classname="com.TestCases.TestCase_AllRequests" name="putRequest_TestCase" time="0.237"/>
  <testcase classname="com.TestCases.TestCase_AllRequests" name="DeleteRequest_TestCase" time="0.087"/>
</testsuite> <!-- Default test -->
